<?xml version="1.0" encoding="UTF-8"?>
<!-- Generated by org.testng.reporters.JUnitReportReporter -->
<testsuite skipped="0" hostname="JAIHANUMAN" name="com.selenium.tests.BuyHealthPolicyPositiveTest" tests="2" failures="0" timestamp="29 Oct 2020 09:11:20 GMT" time="21.854" errors="0">
  <testcase name="testValidCustomerDetails" time="21.040" classname="com.selenium.tests.BuyHealthPolicyPositiveTest"/>
  <testcase name="proceedToPay" time="0.814" classname="com.selenium.tests.BuyHealthPolicyPositiveTest"/>
</testsuite> <!-- com.selenium.tests.BuyHealthPolicyPositiveTest -->
