<?xml version="1.0" encoding="UTF-8"?>
<!-- Generated by org.testng.reporters.JUnitReportReporter -->
<testsuite skipped="0" hostname="JAIHANUMAN" name="com.selenium.tests.BuyHealthPolicyPositiveTest" tests="2" failures="0" timestamp="29 Oct 2020 11:00:23 GMT" time="22.659" errors="0">
  <testcase name="testValidCustomerDetails" time="21.314" classname="com.selenium.tests.BuyHealthPolicyPositiveTest"/>
  <testcase name="proceedToPay" time="1.345" classname="com.selenium.tests.BuyHealthPolicyPositiveTest"/>
</testsuite> <!-- com.selenium.tests.BuyHealthPolicyPositiveTest -->
